{"C:\\Users\\aagri\\OneDrive\\Робочий стіл\\IT\\eCommerce-App\\src\\App.tsx": {"path":"C:\\Users\\aagri\\OneDrive\\Робочий стіл\\IT\\eCommerce-App\\src\\App.tsx","all":false,"statementMap":{"0":{"start":{"line":1,"column":0},"end":{"line":1,"column":33}},"1":{"start":{"line":2,"column":0},"end":{"line":2,"column":19}},"2":{"start":{"line":3,"column":0},"end":{"line":3,"column":0}},"3":{"start":{"line":4,"column":0},"end":{"line":4,"column":16}},"4":{"start":{"line":5,"column":0},"end":{"line":5,"column":40}},"5":{"start":{"line":6,"column":0},"end":{"line":6,"column":10}},"6":{"start":{"line":7,"column":0},"end":{"line":7,"column":6}},"7":{"start":{"line":8,"column":0},"end":{"line":8,"column":26}},"8":{"start":{"line":9,"column":0},"end":{"line":9,"column":83}},"9":{"start":{"line":10,"column":0},"end":{"line":10,"column":24}},"10":{"start":{"line":11,"column":0},"end":{"line":11,"column":15}},"11":{"start":{"line":12,"column":0},"end":{"line":12,"column":7}},"12":{"start":{"line":13,"column":0},"end":{"line":13,"column":4}},"13":{"start":{"line":14,"column":0},"end":{"line":14,"column":1}},"14":{"start":{"line":15,"column":0},"end":{"line":15,"column":0}},"15":{"start":{"line":16,"column":0},"end":{"line":16,"column":19}}},"s":{"0":1,"1":1,"2":1,"3":6,"4":6,"5":6,"6":6,"7":6,"8":6,"9":6,"10":6,"11":6,"12":6,"13":6,"14":1,"15":1},"branchMap":{"0":{"type":"branch","line":4,"loc":{"start":{"line":4,"column":0},"end":{"line":14,"column":1}},"locations":[{"start":{"line":4,"column":0},"end":{"line":14,"column":1}}]},"1":{"type":"branch","line":9,"loc":{"start":{"line":9,"column":37},"end":{"line":9,"column":83}},"locations":[{"start":{"line":9,"column":37},"end":{"line":9,"column":83}}]},"2":{"type":"branch","line":9,"loc":{"start":{"line":9,"column":52},"end":{"line":9,"column":83}},"locations":[{"start":{"line":9,"column":52},"end":{"line":9,"column":83}}]}},"b":{"0":[6],"1":[3],"2":[3]},"fnMap":{"0":{"name":"App","decl":{"start":{"line":4,"column":0},"end":{"line":14,"column":1}},"loc":{"start":{"line":4,"column":0},"end":{"line":14,"column":1}},"line":4},"1":{"name":"onClick","decl":{"start":{"line":9,"column":37},"end":{"line":9,"column":83}},"loc":{"start":{"line":9,"column":37},"end":{"line":9,"column":83}},"line":9}},"f":{"0":6,"1":3}}
,"C:\\Users\\aagri\\OneDrive\\Робочий стіл\\IT\\eCommerce-App\\src\\main.tsx": {"path":"C:\\Users\\aagri\\OneDrive\\Робочий стіл\\IT\\eCommerce-App\\src\\main.tsx","all":true,"statementMap":{"0":{"start":{"line":1,"column":0},"end":{"line":1,"column":26}},"1":{"start":{"line":2,"column":0},"end":{"line":2,"column":40}},"2":{"start":{"line":3,"column":0},"end":{"line":3,"column":24}},"3":{"start":{"line":4,"column":0},"end":{"line":4,"column":21}},"4":{"start":{"line":5,"column":0},"end":{"line":5,"column":0}},"5":{"start":{"line":6,"column":0},"end":{"line":6,"column":61}},"6":{"start":{"line":7,"column":0},"end":{"line":7,"column":20}},"7":{"start":{"line":8,"column":0},"end":{"line":8,"column":11}},"8":{"start":{"line":9,"column":0},"end":{"line":9,"column":21}},"9":{"start":{"line":10,"column":0},"end":{"line":10,"column":2}}},"s":{"0":0,"1":0,"2":0,"3":0,"4":0,"5":0,"6":0,"7":0,"8":0,"9":0},"branchMap":{"0":{"type":"branch","line":1,"loc":{"start":{"line":1,"column":235},"end":{"line":10,"column":2}},"locations":[{"start":{"line":1,"column":235},"end":{"line":10,"column":2}}]}},"b":{"0":[0]},"fnMap":{"0":{"name":"(empty-report)","decl":{"start":{"line":1,"column":235},"end":{"line":10,"column":2}},"loc":{"start":{"line":1,"column":235},"end":{"line":10,"column":2}},"line":1}},"f":{"0":0}}
}
